Started by timer
Setting origin to /repo/
Fetching origin...
FATAL: Failed to recompute children of APM
[8mha:AAAAWB+LCAAAAAAAAP9b85aBtbiIQSmjNKU4P08vOT+vOD8nVc8DzHWtSE4tKMnMz/PLL0ldFVf2c+b/lb5MDAwVRQxSaBqcITRIIQMEMIIUFgAAckCEiWAAAAA=[0mhudson.plugins.git.GitException: org.eclipse.jgit.api.errors.InvalidRemoteException: Invalid remote: origin
	at org.jenkinsci.plugins.gitclient.JGitAPIImpl.fetch(JGitAPIImpl.java:680)
	at jenkins.plugins.git.AbstractGitSCMSource.retrieve(AbstractGitSCMSource.java:174)
	at jenkins.scm.api.SCMSource.fetch(SCMSource.java:146)
	at jenkins.branch.MultiBranchProject.computeChildren(MultiBranchProject.java:294)
	at com.cloudbees.hudson.plugins.folder.computed.ComputedFolder.updateChildren(ComputedFolder.java:157)
	at com.cloudbees.hudson.plugins.folder.computed.FolderComputation.run(FolderComputation.java:122)
	at hudson.model.ResourceController.execute(ResourceController.java:98)
	at hudson.model.Executor.run(Executor.java:401)
Caused by: org.eclipse.jgit.api.errors.InvalidRemoteException: Invalid remote: origin
	at org.eclipse.jgit.api.FetchCommand.call(FetchCommand.java:136)
	at org.jenkinsci.plugins.gitclient.JGitAPIImpl.fetch(JGitAPIImpl.java:678)
	... 7 more
Caused by: org.eclipse.jgit.errors.NoRemoteRepositoryException: /repo/: not found.
	at org.eclipse.jgit.transport.TransportLocal$1.open(TransportLocal.java:131)
	at org.eclipse.jgit.transport.TransportBundleFile$1.open(TransportBundleFile.java:106)
	at org.eclipse.jgit.transport.Transport.open(Transport.java:561)
	at org.eclipse.jgit.transport.Transport.open(Transport.java:438)
	at org.eclipse.jgit.transport.Transport.open(Transport.java:319)
	at org.eclipse.jgit.transport.Transport.open(Transport.java:288)
	at org.eclipse.jgit.api.FetchCommand.call(FetchCommand.java:120)
	... 8 more
Finished: FAILURE
